<?xml version="1.0" encoding="UTF-8"?>
<!-- Generated by org.testng.reporters.JUnitReportReporter -->
<testsuite hostname="DESKTOP-97RKGO1" failures="0" tests="2" name="CalcDivTest" time="0.008" errors="0" timestamp="2022-01-06T22:30:46 MSK" skipped="0">
  <testcase classname="CalcDivTest" name="testAE" time="0.001"/>
  <system-out/>
  <testcase classname="CalcDivTest" name="testDiv" time="0.007"/>
  <system-out/>
</testsuite> <!-- CalcDivTest -->
