<?xml version="1.0" encoding="UTF-8"?>
<!-- Generated by org.testng.reporters.JUnitReportReporter -->
<testsuite hostname="DESKTOP-97RKGO1" failures="0" tests="3" name="PriorityTest" time="0.002" errors="0" timestamp="2022-01-06T22:30:46 MSK" skipped="0">
  <testcase classname="PriorityTest" name="cbaTest" time="0.001"/>
  <system-out/>
  <testcase classname="PriorityTest" name="bacTest" time="0.001"/>
  <system-out/>
  <testcase classname="PriorityTest" name="abcTest" time="0.000"/>
  <system-out/>
</testsuite> <!-- PriorityTest -->
