<?xml version="1.0" encoding="UTF-8"?>
<!-- Generated by org.testng.reporters.JUnitReportReporter -->
<testsuite hostname="DESKTOP-97RKGO1" failures="0" tests="1" name="ExeptionTest" time="0.000" errors="0" timestamp="2022-01-06T22:30:46 MSK" skipped="0">
  <testcase classname="ExeptionTest" name="testNPE" time="0.000"/>
  <system-out/>
</testsuite> <!-- ExeptionTest -->
