<?xml version="1.0" encoding="UTF-8"?>
<!-- Generated by org.testng.reporters.JUnitReportReporter -->
<testsuite hostname="DESKTOP-97RKGO1" failures="0" tests="3" name="GroupsTest" time="0.007" errors="0" timestamp="2022-01-06T22:30:46 MSK" skipped="0">
  <testcase classname="GroupsTest" name="regressionTest" time="0.002"/>
  <system-out/>
  <testcase classname="GroupsTest" name="sanityTest" time="0.004"/>
  <system-out/>
  <testcase classname="GroupsTest" name="smokeTest" time="0.001"/>
  <system-out/>
</testsuite> <!-- GroupsTest -->
