<?xml version="1.0" encoding="UTF-8"?>
<!-- Generated by org.testng.reporters.JUnitReportReporter -->
<testsuite hostname="DESKTOP-97RKGO1" failures="0" tests="4" name="RetryTest" time="0.003" errors="0" timestamp="2022-01-06T22:30:46 MSK" skipped="3">
  <testcase classname="RetryTest" name="flakyTest" time="0.000"/>
  <system-out/>
  <testcase classname="RetryTest" name="flakyTest" time="0.001">
    <skipped/>
  </testcase> <!-- flakyTest -->
  <system-out/>
  <testcase classname="RetryTest" name="flakyTest" time="0.000">
    <skipped/>
  </testcase> <!-- flakyTest -->
  <system-out/>
  <testcase classname="RetryTest" name="flakyTest" time="0.002">
    <skipped/>
  </testcase> <!-- flakyTest -->
  <system-out/>
</testsuite> <!-- RetryTest -->
