<?xml version="1.0" encoding="UTF-8"?>
<!-- Generated by org.testng.reporters.JUnitReportReporter -->
<testsuite hostname="DESKTOP-97RKGO1" failures="0" tests="9" name="CalcSubTest" time="0.027" errors="0" timestamp="2022-01-06T22:30:46 MSK" skipped="0">
  <testcase classname="CalcSubTest" name="invocationTest" time="0.011"/>
  <system-out/>
  <testcase classname="CalcSubTest" name="invocationTest1" time="0.001"/>
  <system-out/>
  <testcase classname="CalcSubTest" name="invocationTest1" time="0.003"/>
  <system-out/>
  <testcase classname="CalcSubTest" name="invocationTest" time="0.002"/>
  <system-out/>
  <testcase classname="CalcSubTest" name="invocationTest1" time="0.003"/>
  <system-out/>
  <testcase classname="CalcSubTest" name="invocationTest" time="0.002"/>
  <system-out/>
  <testcase classname="CalcSubTest" name="invocationTest" time="0.003"/>
  <system-out/>
  <testcase classname="CalcSubTest" name="invocationTest1" time="0.000"/>
  <system-out/>
  <testcase classname="CalcSubTest" name="invocationTest" time="0.002"/>
  <system-out/>
</testsuite> <!-- CalcSubTest -->
