<?xml version="1.0" encoding="UTF-8"?>
<!-- Generated by org.testng.reporters.JUnitReportReporter -->
<testsuite hostname="DESKTOP-97RKGO1" failures="0" tests="7" name="CalcTest" time="1.513" errors="0" timestamp="2022-01-06T22:30:46 MSK" skipped="1">
  <testcase classname="CalcTest" name="invocationTest" time="0.251"/>
  <system-out/>
  <testcase classname="CalcTest" name="invocationTest" time="0.253"/>
  <system-out/>
  <testcase classname="CalcTest" name="invocationTest" time="0.253"/>
  <system-out/>
  <testcase classname="CalcTest" name="invocationTest" time="0.252"/>
  <system-out/>
  <testcase classname="CalcTest" name="invocationTest" time="0.251"/>
  <system-out/>
  <testcase classname="CalcTest" name="invocationTest" time="0.253"/>
  <system-out/>
  <testcase classname="CalcTest" name="testSum">
    <skipped/>
  </testcase> <!-- testSum -->
  <system-out/>
</testsuite> <!-- CalcTest -->
